<?xml version="1.0" encoding="utf-8"?><testsuites name="pytest tests"><testsuite name="pytest" errors="0" failures="0" skipped="0" tests="12" time="1.025" timestamp="2026-04-23T03:53:05.116106+00:00" hostname="agent-env-71c04925-9701-41ff-ad77-335b8ae0ba49"><testcase classname="backend.tests.backend_test.TestHealth" name="test_root" time="0.154" /><testcase classname="backend.tests.backend_test.TestLeads" name="test_create_and_list_lead" time="0.140" /><testcase classname="backend.tests.backend_test.TestLeads" name="test_lead_default_source" time="0.046" /><testcase classname="backend.tests.backend_test.TestLeads" name="test_lead_invalid_email" time="0.043" /><testcase classname="backend.tests.backend_test.TestLeads" name="test_lead_missing_fields" time="0.048" /><testcase classname="backend.tests.backend_test.TestContact" name="test_create_and_list_contact" time="0.098" /><testcase classname="backend.tests.backend_test.TestContact" name="test_contact_invalid_email" time="0.041" /><testcase classname="backend.tests.backend_test.TestContact" name="test_contact_empty_message" time="0.044" /><testcase classname="backend.tests.backend_test.TestResources" name="test_list_all_resources" time="0.043" /><testcase classname="backend.tests.backend_test.TestResources" name="test_filter_by_worksheet" time="0.083" /><testcase classname="backend.tests.backend_test.TestResources" name="test_filter_category_all" time="0.043" /><testcase classname="backend.tests.backend_test.TestResources" name="test_filter_unknown_category" time="0.057" /></testsuite></testsuites>