<?xml version="1.0" encoding="utf-8"?><testsuites name="pytest tests"><testsuite name="pytest" errors="0" failures="0" skipped="0" tests="24" time="5.685" timestamp="2026-04-23T04:40:26.696912+00:00" hostname="agent-env-7194e456-6c69-47a4-9c73-8a64391071d5"><testcase classname="backend.tests.backend_test.TestHealth" name="test_root" time="0.304" /><testcase classname="backend.tests.backend_test.TestLeads" name="test_create_lead_persists_in_supabase" time="1.362" /><testcase classname="backend.tests.backend_test.TestLeads" name="test_lead_default_source" time="0.228" /><testcase classname="backend.tests.backend_test.TestLeads" name="test_lead_fr_locale" time="0.226" /><testcase classname="backend.tests.backend_test.TestLeads" name="test_lead_invalid_email_422" time="0.053" /><testcase classname="backend.tests.backend_test.TestLeads" name="test_lead_missing_fields_422" time="0.049" /><testcase classname="backend.tests.backend_test.TestContact" name="test_create_contact_persists" time="0.453" /><testcase classname="backend.tests.backend_test.TestContact" name="test_contact_invalid_email_422" time="0.053" /><testcase classname="backend.tests.backend_test.TestContact" name="test_contact_empty_message_422" time="0.050" /><testcase classname="backend.tests.backend_test.TestResources" name="test_list_all" time="0.049" /><testcase classname="backend.tests.backend_test.TestResources" name="test_filter_article" time="0.047" /><testcase classname="backend.tests.backend_test.TestResources" name="test_filter_all_keyword" time="0.048" /><testcase classname="backend.tests.backend_test.TestResources" name="test_filter_unknown" time="0.047" /><testcase classname="backend.tests.backend_test.TestAdminAuth" name="test_login_correct_password" time="0.286" /><testcase classname="backend.tests.backend_test.TestAdminAuth" name="test_login_wrong_password_401" time="0.273" /><testcase classname="backend.tests.backend_test.TestAdminAuth" name="test_login_empty_password_422" time="0.046" /><testcase classname="backend.tests.backend_test.TestAdminAuth" name="test_me_with_token_ok" time="0.046" /><testcase classname="backend.tests.backend_test.TestAdminAuth" name="test_me_without_token_401" time="0.110" /><testcase classname="backend.tests.backend_test.TestAdminAuth" name="test_me_with_bad_token_401" time="0.139" /><testcase classname="backend.tests.backend_test.TestAdminData" name="test_leads_list_requires_auth" time="0.140" /><testcase classname="backend.tests.backend_test.TestAdminData" name="test_contacts_list_requires_auth" time="0.161" /><testcase classname="backend.tests.backend_test.TestAdminData" name="test_stats_requires_auth" time="0.112" /><testcase classname="backend.tests.backend_test.TestAdminData" name="test_admin_stats_structure" time="0.319" /><testcase classname="backend.tests.backend_test.TestZCleanup" name="test_cleanup_test_data" time="0.850" /></testsuite></testsuites>